2024-05-29 21:48:10,042 DEBUG    root            Loaded Command Group: ['gcloud', 'components']
2024-05-29 21:48:10,044 DEBUG    root            Loaded Command Group: ['gcloud', 'components', 'update']
2024-05-29 21:48:10,046 DEBUG    root            Running [gcloud.components.update] with arguments: [--quiet: "True", COMPONENT-IDS:8: "['gcloud', 'core', 'bq', 'gsutil', 'compute', 'preview', 'alpha', 'beta']"]
2024-05-29 21:49:30,137 INFO     ___FILE_ONLY___ Beginning update. This process may take several minutes.

2024-05-29 21:49:30,145 DEBUG    urllib3.connectionpool Starting new HTTPS connection (1): dl.google.com:443
2024-05-29 21:49:30,278 DEBUG    urllib3.connectionpool https://dl.google.com:443 "GET /dl/cloudsdk/channels/rapid/components-2.json HTTP/1.1" 200 222658
2024-05-29 21:49:30,298 WARNING  root            Component [preview] no longer exists.
2024-05-29 21:49:30,298 WARNING  root            Component [compute] no longer exists.
2024-05-29 21:49:30,299 INFO     ___FILE_ONLY___ 

2024-05-29 21:49:30,299 INFO     ___FILE_ONLY___ 
Your current Google Cloud CLI version is: 478.0.0

2024-05-29 21:49:30,299 INFO     ___FILE_ONLY___ Installing components from version: 478.0.0

2024-05-29 21:49:30,299 INFO     ___FILE_ONLY___ 

2024-05-29 21:49:30,300 DEBUG    root            Chosen display Format:table[box,title="These components will be removed."](details.display_name:label=Name:align=left,version.version_string:label=Version:align=right,data.size.size(zero="",min=1048576):label=Size:align=right)
2024-05-29 21:49:30,300 DEBUG    root            Chosen display Format:table[box,title="These components will be updated."](details.display_name:label=Name:align=left,version.version_string:label=Version:align=right,data.size.size(zero="",min=1048576):label=Size:align=right)
2024-05-29 21:49:30,301 DEBUG    root            Chosen display Format:table[box,title="These components will be installed."](details.display_name:label=Name:align=left,version.version_string:label=Version:align=right,data.size.size(zero="",min=1048576):label=Size:align=right)
2024-05-29 21:49:30,336 INFO     ___FILE_ONLY___ ┌──────────────────────────────────────────────┐
2024-05-29 21:49:30,336 INFO     ___FILE_ONLY___ 

2024-05-29 21:49:30,336 INFO     ___FILE_ONLY___ │     These components will be installed.      │
2024-05-29 21:49:30,336 INFO     ___FILE_ONLY___ 

2024-05-29 21:49:30,336 INFO     ___FILE_ONLY___ ├───────────────────────┬────────────┬─────────┤
2024-05-29 21:49:30,336 INFO     ___FILE_ONLY___ 

2024-05-29 21:49:30,336 INFO     ___FILE_ONLY___ │          Name         │  Version   │   Size  │
2024-05-29 21:49:30,336 INFO     ___FILE_ONLY___ 

2024-05-29 21:49:30,336 INFO     ___FILE_ONLY___ ├───────────────────────┼────────────┼─────────┤
2024-05-29 21:49:30,336 INFO     ___FILE_ONLY___ 

2024-05-29 21:49:30,336 INFO     ___FILE_ONLY___ │ 
2024-05-29 21:49:30,336 INFO     ___FILE_ONLY___ gcloud Alpha Commands
2024-05-29 21:49:30,337 INFO     ___FILE_ONLY___  
2024-05-29 21:49:30,337 INFO     ___FILE_ONLY___ │ 
2024-05-29 21:49:30,337 INFO     ___FILE_ONLY___ 2024.05.24
2024-05-29 21:49:30,337 INFO     ___FILE_ONLY___  
2024-05-29 21:49:30,337 INFO     ___FILE_ONLY___ │ 
2024-05-29 21:49:30,337 INFO     ___FILE_ONLY___ < 1 MiB
2024-05-29 21:49:30,337 INFO     ___FILE_ONLY___  
2024-05-29 21:49:30,337 INFO     ___FILE_ONLY___ │
2024-05-29 21:49:30,337 INFO     ___FILE_ONLY___ 

2024-05-29 21:49:30,337 INFO     ___FILE_ONLY___ │ 
2024-05-29 21:49:30,337 INFO     ___FILE_ONLY___ gcloud Beta Commands 
2024-05-29 21:49:30,337 INFO     ___FILE_ONLY___  
2024-05-29 21:49:30,337 INFO     ___FILE_ONLY___ │ 
2024-05-29 21:49:30,337 INFO     ___FILE_ONLY___ 2024.05.24
2024-05-29 21:49:30,337 INFO     ___FILE_ONLY___  
2024-05-29 21:49:30,337 INFO     ___FILE_ONLY___ │ 
2024-05-29 21:49:30,338 INFO     ___FILE_ONLY___ < 1 MiB
2024-05-29 21:49:30,338 INFO     ___FILE_ONLY___  
2024-05-29 21:49:30,338 INFO     ___FILE_ONLY___ │
2024-05-29 21:49:30,338 INFO     ___FILE_ONLY___ 

2024-05-29 21:49:30,338 INFO     ___FILE_ONLY___ └───────────────────────┴────────────┴─────────┘
2024-05-29 21:49:30,338 INFO     ___FILE_ONLY___ 

2024-05-29 21:49:30,338 INFO     ___FILE_ONLY___ 

2024-05-29 21:49:30,342 DEBUG    urllib3.connectionpool Starting new HTTPS connection (1): dl.google.com:443
2024-05-29 21:49:30,476 DEBUG    urllib3.connectionpool https://dl.google.com:443 "GET /dl/cloudsdk/channels/rapid/RELEASE_NOTES HTTP/1.1" 200 1220927
2024-05-29 21:49:30,512 INFO     ___FILE_ONLY___ For the latest full release notes, please visit:
  https://cloud.google.com/sdk/release_notes


2024-05-29 21:49:30,515 INFO     ___FILE_ONLY___ ╔════════════════════════════════════════════════════════════╗

2024-05-29 21:49:30,515 INFO     ___FILE_ONLY___ ╠═ Creating update staging area                             ═╣

2024-05-29 21:49:30,515 INFO     ___FILE_ONLY___ ╚
2024-05-29 21:49:30,515 INFO     ___FILE_ONLY___ ══════
2024-05-29 21:49:31,127 INFO     ___FILE_ONLY___ ══════
2024-05-29 21:49:31,127 INFO     ___FILE_ONLY___ ══════
2024-05-29 21:49:31,493 INFO     ___FILE_ONLY___ ═
2024-05-29 21:49:31,555 INFO     ___FILE_ONLY___ ═
2024-05-29 21:49:31,628 INFO     ___FILE_ONLY___ ═
2024-05-29 21:49:31,690 INFO     ___FILE_ONLY___ ═
2024-05-29 21:49:31,756 INFO     ___FILE_ONLY___ ═
2024-05-29 21:49:31,817 INFO     ___FILE_ONLY___ ═
2024-05-29 21:49:31,896 INFO     ___FILE_ONLY___ ═
2024-05-29 21:49:31,939 INFO     ___FILE_ONLY___ ═
2024-05-29 21:49:32,013 INFO     ___FILE_ONLY___ ═
2024-05-29 21:49:32,065 INFO     ___FILE_ONLY___ ═
2024-05-29 21:49:32,111 INFO     ___FILE_ONLY___ ═
2024-05-29 21:49:32,162 INFO     ___FILE_ONLY___ ═
2024-05-29 21:49:32,230 INFO     ___FILE_ONLY___ ═
2024-05-29 21:49:32,291 INFO     ___FILE_ONLY___ ═
2024-05-29 21:49:32,353 INFO     ___FILE_ONLY___ ═
2024-05-29 21:49:32,412 INFO     ___FILE_ONLY___ ═
2024-05-29 21:49:32,470 INFO     ___FILE_ONLY___ ═
2024-05-29 21:49:32,527 INFO     ___FILE_ONLY___ ═
2024-05-29 21:49:32,579 INFO     ___FILE_ONLY___ ═
2024-05-29 21:49:32,634 INFO     ___FILE_ONLY___ ═
2024-05-29 21:49:32,703 INFO     ___FILE_ONLY___ ═
2024-05-29 21:49:32,784 INFO     ___FILE_ONLY___ ═
2024-05-29 21:49:32,843 INFO     ___FILE_ONLY___ ═
2024-05-29 21:49:32,918 INFO     ___FILE_ONLY___ ═
2024-05-29 21:49:33,008 INFO     ___FILE_ONLY___ ═
2024-05-29 21:49:33,079 INFO     ___FILE_ONLY___ ═
2024-05-29 21:49:33,213 INFO     ___FILE_ONLY___ ═
2024-05-29 21:49:33,283 INFO     ___FILE_ONLY___ ═
2024-05-29 21:49:33,336 INFO     ___FILE_ONLY___ ═
2024-05-29 21:49:33,376 INFO     ___FILE_ONLY___ ═
2024-05-29 21:49:33,416 INFO     ___FILE_ONLY___ ═
2024-05-29 21:49:33,456 INFO     ___FILE_ONLY___ ═
2024-05-29 21:49:33,505 INFO     ___FILE_ONLY___ ═
2024-05-29 21:49:33,547 INFO     ___FILE_ONLY___ ═
2024-05-29 21:49:33,622 INFO     ___FILE_ONLY___ ═
2024-05-29 21:49:33,763 INFO     ___FILE_ONLY___ ═
2024-05-29 21:49:33,997 INFO     ___FILE_ONLY___ ═
2024-05-29 21:49:34,053 INFO     ___FILE_ONLY___ ═
2024-05-29 21:49:34,110 INFO     ___FILE_ONLY___ ═
2024-05-29 21:49:34,169 INFO     ___FILE_ONLY___ ═
2024-05-29 21:49:34,232 INFO     ___FILE_ONLY___ ═
2024-05-29 21:49:34,287 INFO     ___FILE_ONLY___ ═
2024-05-29 21:49:34,287 INFO     ___FILE_ONLY___ ╝

2024-05-29 21:49:37,143 INFO     ___FILE_ONLY___ ╔════════════════════════════════════════════════════════════╗

2024-05-29 21:49:37,143 INFO     ___FILE_ONLY___ ╠═ Installing: gcloud Alpha Commands                        ═╣

2024-05-29 21:49:37,143 INFO     ___FILE_ONLY___ ╚
2024-05-29 21:49:37,147 DEBUG    urllib3.connectionpool Starting new HTTPS connection (1): dl.google.com:443
2024-05-29 21:49:37,305 DEBUG    urllib3.connectionpool https://dl.google.com:443 "GET /dl/cloudsdk/channels/rapid/components/google-cloud-sdk-alpha-20240524155722.tar.gz HTTP/1.1" 200 800
2024-05-29 21:49:37,306 INFO     ___FILE_ONLY___ ══════════════════════════════
2024-05-29 21:49:37,307 INFO     ___FILE_ONLY___ ══════════════════════════════
2024-05-29 21:49:37,308 INFO     ___FILE_ONLY___ ╝

2024-05-29 21:49:37,315 INFO     ___FILE_ONLY___ ╔════════════════════════════════════════════════════════════╗

2024-05-29 21:49:37,315 INFO     ___FILE_ONLY___ ╠═ Installing: gcloud Beta Commands                         ═╣

2024-05-29 21:49:37,316 INFO     ___FILE_ONLY___ ╚
2024-05-29 21:49:37,319 DEBUG    urllib3.connectionpool Starting new HTTPS connection (1): dl.google.com:443
2024-05-29 21:49:37,484 DEBUG    urllib3.connectionpool https://dl.google.com:443 "GET /dl/cloudsdk/channels/rapid/components/google-cloud-sdk-beta-20240524155722.tar.gz HTTP/1.1" 200 797
2024-05-29 21:49:37,485 INFO     ___FILE_ONLY___ ══════════════════════════════
2024-05-29 21:49:37,486 INFO     ___FILE_ONLY___ ══════════════════════════════
2024-05-29 21:49:37,486 INFO     ___FILE_ONLY___ ╝

2024-05-29 21:49:37,494 INFO     ___FILE_ONLY___ ╔════════════════════════════════════════════════════════════╗

2024-05-29 21:49:37,494 INFO     ___FILE_ONLY___ ╠═ Creating backup and activating new installation          ═╣

2024-05-29 21:49:37,494 INFO     ___FILE_ONLY___ ╚
2024-05-29 21:49:37,495 DEBUG    root            Attempting to move directory [/tools/google-cloud-sdk] to [/tools/google-cloud-sdk.staging/.install/.backup]
2024-05-29 21:49:37,495 INFO     ___FILE_ONLY___ ══════════════════════════════
2024-05-29 21:49:37,495 DEBUG    root            Attempting to move directory [/tools/google-cloud-sdk.staging] to [/tools/google-cloud-sdk]
2024-05-29 21:49:37,495 INFO     ___FILE_ONLY___ ══════════════════════════════
2024-05-29 21:49:37,495 INFO     ___FILE_ONLY___ ╝

2024-05-29 21:49:37,499 DEBUG    root            Updating notification cache...
2024-05-29 21:49:37,499 INFO     ___FILE_ONLY___ 

2024-05-29 21:49:37,501 INFO     ___FILE_ONLY___ Performing post processing steps...
2024-05-29 21:49:37,502 DEBUG    root            Executing command: ['/tools/google-cloud-sdk/bin/gcloud', 'components', 'post-process']
2024-05-29 21:53:46,759 DEBUG    ___FILE_ONLY___ 
2024-05-29 21:53:46,760 DEBUG    ___FILE_ONLY___ 
2024-05-29 21:53:46,867 INFO     ___FILE_ONLY___ 
Update done!


2024-05-29 21:53:46,869 DEBUG    root            Chosen display Format:none
2024-05-29 21:53:46,870 INFO     root            Display format: "none"
